# JRE version: OpenJDK Runtime Environment (11.0.12+7) (build 11.0.12+7-b1504.28-7817840)
# Java VM: OpenJDK 64-Bit Server VM (11.0.12+7-b1504.28-7817840, mixed mode, tiered, compressed oops, g1 gc, windows-amd64)
Heap:
 garbage-first heap   total 525312K, used 462410K [0x0000000080000000, 0x0000000100000000)
  region size 1024K, 275 young (281600K), 32 survivors (32768K)
 Metaspace       used 101341K, capacity 104287K, committed 104484K, reserved 1140736K
  class space    used 13021K, capacity 14155K, committed 14208K, reserved 1048576K
GC Heap History (20 events):
Event: 49.741 GC heap after
{Heap after GC invocations=58 (full 0):
 garbage-first heap   total 417792K, used 175826K [0x0000000080000000, 0x0000000100000000)
  region size 1024K, 15 young (15360K), 15 survivors (15360K)
 Metaspace       used 98557K, capacity 101332K, committed 101796K, reserved 1136640K
  class space    used 12783K, capacity 13877K, committed 14080K, reserved 1048576K
}
Event: 50.697 GC heap before
{Heap before GC invocations=58 (full 0):
 garbage-first heap   total 417792K, used 360146K [0x0000000080000000, 0x0000000100000000)
  region size 1024K, 195 young (199680K), 15 survivors (15360K)
 Metaspace       used 98625K, capacity 101431K, committed 101796K, reserved 1136640K
  class space    used 12788K, capacity 13886K, committed 14080K, reserved 1048576K
}
Event: 50.727 GC heap after
{Heap after GC invocations=59 (full 0):
 garbage-first heap   total 417792K, used 176352K [0x0000000080000000, 0x0000000100000000)
  region size 1024K, 14 young (14336K), 14 survivors (14336K)
 Metaspace       used 98625K, capacity 101431K, committed 101796K, reserved 1136640K
  class space    used 12788K, capacity 13886K, committed 14080K, reserved 1048576K
}
Event: 51.756 GC heap before
{Heap before GC invocations=59 (full 0):
 garbage-first heap   total 417792K, used 365792K [0x0000000080000000, 0x0000000100000000)
  region size 1024K, 194 young (198656K), 14 survivors (14336K)
 Metaspace       used 98639K, capacity 101431K, committed 101796K, reserved 1136640K
  class space    used 12788K, capacity 13886K, committed 14080K, reserved 1048576K
}
Event: 51.785 GC heap after
{Heap after GC invocations=60 (full 0):
 garbage-first heap   total 485376K, used 178762K [0x0000000080000000, 0x0000000100000000)
  region size 1024K, 13 young (13312K), 13 survivors (13312K)
 Metaspace       used 98639K, capacity 101431K, committed 101796K, reserved 1136640K
  class space    used 12788K, capacity 13886K, committed 14080K, reserved 1048576K
}
Event: 52.943 GC heap before
{Heap before GC invocations=60 (full 0):
 garbage-first heap   total 485376K, used 391754K [0x0000000080000000, 0x0000000100000000)
  region size 1024K, 222 young (227328K), 13 survivors (13312K)
 Metaspace       used 98671K, capacity 101431K, committed 101796K, reserved 1136640K
  class space    used 12792K, capacity 13886K, committed 14080K, reserved 1048576K
}
Event: 52.974 GC heap after
{Heap after GC invocations=61 (full 0):
 garbage-first heap   total 485376K, used 174666K [0x0000000080000000, 0x0000000100000000)
  region size 1024K, 12 young (12288K), 12 survivors (12288K)
 Metaspace       used 98671K, capacity 101431K, committed 101796K, reserved 1136640K
  class space    used 12792K, capacity 13886K, committed 14080K, reserved 1048576K
}
Event: 54.167 GC heap before
{Heap before GC invocations=61 (full 0):
 garbage-first heap   total 485376K, used 393802K [0x0000000080000000, 0x0000000100000000)
  region size 1024K, 227 young (232448K), 12 survivors (12288K)
 Metaspace       used 98696K, capacity 101572K, committed 101796K, reserved 1136640K
  class space    used 12793K, capacity 13888K, committed 14080K, reserved 1048576K
}
Event: 54.192 GC heap after
{Heap after GC invocations=62 (full 0):
 garbage-first heap   total 485376K, used 174154K [0x0000000080000000, 0x0000000100000000)
  region size 1024K, 11 young (11264K), 11 survivors (11264K)
 Metaspace       used 98696K, capacity 101572K, committed 101796K, reserved 1136640K
  class space    used 12793K, capacity 13888K, committed 14080K, reserved 1048576K
}
Event: 55.485 GC heap before
{Heap before GC invocations=62 (full 0):
 garbage-first heap   total 485376K, used 408650K [0x0000000080000000, 0x0000000100000000)
  region size 1024K, 240 young (245760K), 11 survivors (11264K)
 Metaspace       used 98713K, capacity 101573K, committed 101796K, reserved 1136640K
  class space    used 12793K, capacity 13888K, committed 14080K, reserved 1048576K
}
Event: 55.502 GC heap after
{Heap after GC invocations=63 (full 0):
 garbage-first heap   total 485376K, used 171594K [0x0000000080000000, 0x0000000100000000)
  region size 1024K, 9 young (9216K), 9 survivors (9216K)
 Metaspace       used 98713K, capacity 101573K, committed 101796K, reserved 1136640K
  class space    used 12793K, capacity 13888K, committed 14080K, reserved 1048576K
}
Event: 56.934 GC heap before
{Heap before GC invocations=63 (full 0):
 garbage-first heap   total 485376K, used 415306K [0x0000000080000000, 0x0000000100000000)
  region size 1024K, 248 young (253952K), 9 survivors (9216K)
 Metaspace       used 98731K, capacity 101576K, committed 101796K, reserved 1136640K
  class space    used 12793K, capacity 13888K, committed 14080K, reserved 1048576K
}
Event: 56.954 GC heap after
{Heap after GC invocations=64 (full 0):
 garbage-first heap   total 485376K, used 173541K [0x0000000080000000, 0x0000000100000000)
  region size 1024K, 11 young (11264K), 11 survivors (11264K)
 Metaspace       used 98731K, capacity 101576K, committed 101796K, reserved 1136640K
  class space    used 12793K, capacity 13888K, committed 14080K, reserved 1048576K
}
Event: 58.040 GC heap before
{Heap before GC invocations=64 (full 0):
 garbage-first heap   total 485376K, used 413157K [0x0000000080000000, 0x0000000100000000)
  region size 1024K, 246 young (251904K), 11 survivors (11264K)
 Metaspace       used 98738K, capacity 101578K, committed 101796K, reserved 1136640K
  class space    used 12793K, capacity 13888K, committed 14080K, reserved 1048576K
}
Event: 58.064 GC heap after
{Heap after GC invocations=65 (full 0):
 garbage-first heap   total 485376K, used 175109K [0x0000000080000000, 0x0000000100000000)
  region size 1024K, 12 young (12288K), 12 survivors (12288K)
 Metaspace       used 98738K, capacity 101578K, committed 101796K, reserved 1136640K
  class space    used 12793K, capacity 13888K, committed 14080K, reserved 1048576K
}
Event: 59.197 GC heap before
{Heap before GC invocations=65 (full 0):
 garbage-first heap   total 485376K, used 415749K [0x0000000080000000, 0x0000000100000000)
  region size 1024K, 247 young (252928K), 12 survivors (12288K)
 Metaspace       used 98744K, capacity 101578K, committed 101796K, reserved 1136640K
  class space    used 12793K, capacity 13888K, committed 14080K, reserved 1048576K
}
Event: 59.220 GC heap after
{Heap after GC invocations=66 (full 0):
 garbage-first heap   total 485376K, used 175178K [0x0000000080000000, 0x0000000100000000)
  region size 1024K, 12 young (12288K), 12 survivors (12288K)
 Metaspace       used 98744K, capacity 101578K, committed 101796K, reserved 1136640K
  class space    used 12793K, capacity 13888K, committed 14080K, reserved 1048576K
}
Event: 61.152 GC heap before
{Heap before GC invocations=66 (full 0):
 garbage-first heap   total 485376K, used 424010K [0x0000000080000000, 0x0000000100000000)
  region size 1024K, 249 young (254976K), 12 survivors (12288K)
 Metaspace       used 99618K, capacity 102585K, committed 102820K, reserved 1138688K
  class space    used 12842K, capacity 13958K, committed 14080K, reserved 1048576K
}
Event: 61.175 GC heap after
{Heap after GC invocations=67 (full 0):
 garbage-first heap   total 485376K, used 168522K [0x0000000080000000, 0x0000000100000000)
  region size 1024K, 6 young (6144K), 6 survivors (6144K)
 Metaspace       used 99618K, capacity 102585K, committed 102820K, reserved 1138688K
  class space    used 12842K, capacity 13958K, committed 14080K, reserved 1048576K
}
Event: 63.542 GC heap before
{Heap before GC invocations=67 (full 0):
 garbage-first heap   total 485376K, used 461386K [0x0000000080000000, 0x0000000100000000)
  region size 1024K, 249 young (254976K), 6 survivors (6144K)
 Metaspace       used 101341K, capacity 104287K, committed 104484K, reserved 1140736K
  class space    used 13021K, capacity 14155K, committed 14208K, reserved 1048576K
}

