# JRE version: OpenJDK Runtime Environment (11.0.12+7) (build 11.0.12+7-b1504.28-7817840)
# Java VM: OpenJDK 64-Bit Server VM (11.0.12+7-b1504.28-7817840, mixed mode, tiered, compressed oops, g1 gc, windows-amd64)
Heap:
 garbage-first heap   total 463872K, used 212992K [0x0000000080000000, 0x0000000100000000)
  region size 1024K, 17 young (17408K), 17 survivors (17408K)
 Metaspace       used 109611K, capacity 112657K, committed 112932K, reserved 1146880K
  class space    used 14010K, capacity 15204K, committed 15232K, reserved 1048576K
GC Heap History (20 events):
Event: 61.182 GC heap after
{Heap after GC invocations=81 (full 0):
 garbage-first heap   total 395264K, used 161830K [0x0000000080000000, 0x0000000100000000)
  region size 1024K, 9 young (9216K), 9 survivors (9216K)
 Metaspace       used 109226K, capacity 112298K, committed 112420K, reserved 1146880K
  class space    used 13982K, capacity 15140K, committed 15232K, reserved 1048576K
}
Event: 62.151 GC heap before
{Heap before GC invocations=81 (full 0):
 garbage-first heap   total 395264K, used 318502K [0x0000000080000000, 0x0000000100000000)
  region size 1024K, 162 young (165888K), 9 survivors (9216K)
 Metaspace       used 109228K, capacity 112298K, committed 112420K, reserved 1146880K
  class space    used 13982K, capacity 15140K, committed 15232K, reserved 1048576K
}
Event: 62.171 GC heap after
{Heap after GC invocations=82 (full 0):
 garbage-first heap   total 395264K, used 162233K [0x0000000080000000, 0x0000000100000000)
  region size 1024K, 10 young (10240K), 10 survivors (10240K)
 Metaspace       used 109228K, capacity 112298K, committed 112420K, reserved 1146880K
  class space    used 13982K, capacity 15140K, committed 15232K, reserved 1048576K
}
Event: 63.148 GC heap before
{Heap before GC invocations=82 (full 0):
 garbage-first heap   total 395264K, used 333241K [0x0000000080000000, 0x0000000100000000)
  region size 1024K, 177 young (181248K), 10 survivors (10240K)
 Metaspace       used 109239K, capacity 112298K, committed 112420K, reserved 1146880K
  class space    used 13982K, capacity 15140K, committed 15232K, reserved 1048576K
}
Event: 63.168 GC heap after
{Heap after GC invocations=83 (full 0):
 garbage-first heap   total 395264K, used 162854K [0x0000000080000000, 0x0000000100000000)
  region size 1024K, 10 young (10240K), 10 survivors (10240K)
 Metaspace       used 109239K, capacity 112298K, committed 112420K, reserved 1146880K
  class space    used 13982K, capacity 15140K, committed 15232K, reserved 1048576K
}
Event: 64.145 GC heap before
{Heap before GC invocations=83 (full 0):
 garbage-first heap   total 395264K, used 337958K [0x0000000080000000, 0x0000000100000000)
  region size 1024K, 182 young (186368K), 10 survivors (10240K)
 Metaspace       used 109253K, capacity 112313K, committed 112420K, reserved 1146880K
  class space    used 13986K, capacity 15146K, committed 15232K, reserved 1048576K
}
Event: 64.167 GC heap after
{Heap after GC invocations=84 (full 0):
 garbage-first heap   total 395264K, used 164835K [0x0000000080000000, 0x0000000100000000)
  region size 1024K, 12 young (12288K), 12 survivors (12288K)
 Metaspace       used 109253K, capacity 112313K, committed 112420K, reserved 1146880K
  class space    used 13986K, capacity 15146K, committed 15232K, reserved 1048576K
}
Event: 65.407 GC heap before
{Heap before GC invocations=84 (full 0):
 garbage-first heap   total 395264K, used 341987K [0x0000000080000000, 0x0000000100000000)
  region size 1024K, 183 young (187392K), 12 survivors (12288K)
 Metaspace       used 109303K, capacity 112387K, committed 112676K, reserved 1146880K
  class space    used 13986K, capacity 15147K, committed 15232K, reserved 1048576K
}
Event: 65.432 GC heap after
{Heap after GC invocations=85 (full 0):
 garbage-first heap   total 395264K, used 163878K [0x0000000080000000, 0x0000000100000000)
  region size 1024K, 11 young (11264K), 11 survivors (11264K)
 Metaspace       used 109303K, capacity 112387K, committed 112676K, reserved 1146880K
  class space    used 13986K, capacity 15147K, committed 15232K, reserved 1048576K
}
Event: 67.156 GC heap before
{Heap before GC invocations=85 (full 0):
 garbage-first heap   total 395264K, used 342054K [0x0000000080000000, 0x0000000100000000)
  region size 1024K, 185 young (189440K), 11 survivors (11264K)
 Metaspace       used 109310K, capacity 112387K, committed 112676K, reserved 1146880K
  class space    used 13986K, capacity 15147K, committed 15232K, reserved 1048576K
}
Event: 67.186 GC heap after
{Heap after GC invocations=86 (full 0):
 garbage-first heap   total 395264K, used 164390K [0x0000000080000000, 0x0000000100000000)
  region size 1024K, 12 young (12288K), 12 survivors (12288K)
 Metaspace       used 109310K, capacity 112387K, committed 112676K, reserved 1146880K
  class space    used 13986K, capacity 15147K, committed 15232K, reserved 1048576K
}
Event: 69.186 GC heap before
{Heap before GC invocations=86 (full 0):
 garbage-first heap   total 395264K, used 343590K [0x0000000080000000, 0x0000000100000000)
  region size 1024K, 185 young (189440K), 12 survivors (12288K)
 Metaspace       used 109376K, capacity 112458K, committed 112676K, reserved 1146880K
  class space    used 13987K, capacity 15148K, committed 15232K, reserved 1048576K
}
Event: 69.211 GC heap after
{Heap after GC invocations=87 (full 0):
 garbage-first heap   total 395264K, used 164390K [0x0000000080000000, 0x0000000100000000)
  region size 1024K, 12 young (12288K), 12 survivors (12288K)
 Metaspace       used 109376K, capacity 112458K, committed 112676K, reserved 1146880K
  class space    used 13987K, capacity 15148K, committed 15232K, reserved 1048576K
}
Event: 70.397 GC heap before
{Heap before GC invocations=87 (full 0):
 garbage-first heap   total 395264K, used 341542K [0x0000000080000000, 0x0000000100000000)
  region size 1024K, 185 young (189440K), 12 survivors (12288K)
 Metaspace       used 109480K, capacity 112529K, committed 112676K, reserved 1146880K
  class space    used 14001K, capacity 15168K, committed 15232K, reserved 1048576K
}
Event: 70.425 GC heap after
{Heap after GC invocations=88 (full 0):
 garbage-first heap   total 395264K, used 164902K [0x0000000080000000, 0x0000000100000000)
  region size 1024K, 12 young (12288K), 12 survivors (12288K)
 Metaspace       used 109480K, capacity 112529K, committed 112676K, reserved 1146880K
  class space    used 14001K, capacity 15168K, committed 15232K, reserved 1048576K
}
Event: 71.574 GC heap before
{Heap before GC invocations=88 (full 0):
 garbage-first heap   total 395264K, used 342054K [0x0000000080000000, 0x0000000100000000)
  region size 1024K, 185 young (189440K), 12 survivors (12288K)
 Metaspace       used 109588K, capacity 112654K, committed 112932K, reserved 1146880K
  class space    used 14008K, capacity 15204K, committed 15232K, reserved 1048576K
}
Event: 71.601 GC heap after
{Heap after GC invocations=89 (full 0):
 garbage-first heap   total 395264K, used 172582K [0x0000000080000000, 0x0000000100000000)
  region size 1024K, 20 young (20480K), 20 survivors (20480K)
 Metaspace       used 109588K, capacity 112654K, committed 112932K, reserved 1146880K
  class space    used 14008K, capacity 15204K, committed 15232K, reserved 1048576K
}
Event: 72.275 GC heap before
{Heap before GC invocations=89 (full 0):
 garbage-first heap   total 395264K, used 335398K [0x0000000080000000, 0x0000000100000000)
  region size 1024K, 177 young (181248K), 20 survivors (20480K)
 Metaspace       used 109598K, capacity 112657K, committed 112932K, reserved 1146880K
  class space    used 14008K, capacity 15204K, committed 15232K, reserved 1048576K
}
Event: 72.356 GC heap after
{Heap after GC invocations=90 (full 0):
 garbage-first heap   total 395264K, used 197464K [0x0000000080000000, 0x0000000100000000)
  region size 1024K, 23 young (23552K), 23 survivors (23552K)
 Metaspace       used 109598K, capacity 112657K, committed 112932K, reserved 1146880K
  class space    used 14008K, capacity 15204K, committed 15232K, reserved 1048576K
}
Event: 72.939 GC heap before
{Heap before GC invocations=90 (full 0):
 garbage-first heap   total 395264K, used 322392K [0x0000000080000000, 0x0000000100000000)
  region size 1024K, 145 young (148480K), 23 survivors (23552K)
 Metaspace       used 109611K, capacity 112657K, committed 112932K, reserved 1146880K
  class space    used 14010K, capacity 15204K, committed 15232K, reserved 1048576K
}

