# JRE version: OpenJDK Runtime Environment (11.0.12+7) (build 11.0.12+7-b1504.28-7817840)
# Java VM: OpenJDK 64-Bit Server VM (11.0.12+7-b1504.28-7817840, mixed mode, tiered, compressed oops, g1 gc, windows-amd64)
Heap:
 garbage-first heap   total 519168K, used 202794K [0x0000000080000000, 0x0000000100000000)
  region size 1024K, 2 young (2048K), 2 survivors (2048K)
 Metaspace       used 142873K, capacity 146843K, committed 147148K, reserved 1177600K
  class space    used 17600K, capacity 19053K, committed 19148K, reserved 1048576K
GC Heap History (20 events):
Event: 1426.163 GC heap after
{Heap after GC invocations=125 (full 0):
 garbage-first heap   total 342016K, used 199070K [0x0000000080000000, 0x0000000100000000)
  region size 1024K, 1 young (1024K), 1 survivors (1024K)
 Metaspace       used 142642K, capacity 146599K, committed 146892K, reserved 1177600K
  class space    used 17580K, capacity 19040K, committed 19148K, reserved 1048576K
}
Event: 1426.702 GC heap before
{Heap before GC invocations=125 (full 0):
 garbage-first heap   total 342016K, used 292254K [0x0000000080000000, 0x0000000100000000)
  region size 1024K, 92 young (94208K), 1 survivors (1024K)
 Metaspace       used 142672K, capacity 146673K, committed 146892K, reserved 1177600K
  class space    used 17581K, capacity 19043K, committed 19148K, reserved 1048576K
}
Event: 1426.712 GC heap after
{Heap after GC invocations=126 (full 0):
 garbage-first heap   total 342016K, used 200075K [0x0000000080000000, 0x0000000100000000)
  region size 1024K, 2 young (2048K), 2 survivors (2048K)
 Metaspace       used 142672K, capacity 146673K, committed 146892K, reserved 1177600K
  class space    used 17581K, capacity 19043K, committed 19148K, reserved 1048576K
}
Event: 1427.784 GC heap before
{Heap before GC invocations=127 (full 0):
 garbage-first heap   total 342016K, used 295307K [0x0000000080000000, 0x0000000100000000)
  region size 1024K, 95 young (97280K), 2 survivors (2048K)
 Metaspace       used 142773K, capacity 146765K, committed 146892K, reserved 1177600K
  class space    used 17589K, capacity 19049K, committed 19148K, reserved 1048576K
}
Event: 1427.793 GC heap after
{Heap after GC invocations=128 (full 0):
 garbage-first heap   total 342016K, used 199699K [0x0000000080000000, 0x0000000100000000)
  region size 1024K, 2 young (2048K), 2 survivors (2048K)
 Metaspace       used 142773K, capacity 146765K, committed 146892K, reserved 1177600K
  class space    used 17589K, capacity 19049K, committed 19148K, reserved 1048576K
}
Event: 1427.878 GC heap before
{Heap before GC invocations=128 (full 0):
 garbage-first heap   total 342016K, used 214035K [0x0000000080000000, 0x0000000100000000)
  region size 1024K, 16 young (16384K), 2 survivors (2048K)
 Metaspace       used 142774K, capacity 146765K, committed 146892K, reserved 1177600K
  class space    used 17589K, capacity 19049K, committed 19148K, reserved 1048576K
}
Event: 1427.889 GC heap after
{Heap after GC invocations=129 (full 0):
 garbage-first heap   total 342016K, used 197636K [0x0000000080000000, 0x0000000100000000)
  region size 1024K, 2 young (2048K), 2 survivors (2048K)
 Metaspace       used 142774K, capacity 146765K, committed 146892K, reserved 1177600K
  class space    used 17589K, capacity 19049K, committed 19148K, reserved 1048576K
}
Event: 1428.316 GC heap before
{Heap before GC invocations=129 (full 0):
 garbage-first heap   total 342016K, used 294916K [0x0000000080000000, 0x0000000100000000)
  region size 1024K, 98 young (100352K), 2 survivors (2048K)
 Metaspace       used 142784K, capacity 146767K, committed 146892K, reserved 1177600K
  class space    used 17589K, capacity 19049K, committed 19148K, reserved 1048576K
}
Event: 1428.437 GC heap after
{Heap after GC invocations=130 (full 0):
 garbage-first heap   total 342016K, used 205224K [0x0000000080000000, 0x0000000100000000)
  region size 1024K, 9 young (9216K), 9 survivors (9216K)
 Metaspace       used 142784K, capacity 146767K, committed 146892K, reserved 1177600K
  class space    used 17589K, capacity 19049K, committed 19148K, reserved 1048576K
}
Event: 1429.481 GC heap before
{Heap before GC invocations=131 (full 0):
 garbage-first heap   total 342016K, used 293288K [0x0000000080000000, 0x0000000100000000)
  region size 1024K, 95 young (97280K), 9 survivors (9216K)
 Metaspace       used 142813K, capacity 146767K, committed 146892K, reserved 1177600K
  class space    used 17595K, capacity 19049K, committed 19148K, reserved 1048576K
}
Event: 1429.500 GC heap after
{Heap after GC invocations=132 (full 0):
 garbage-first heap   total 342016K, used 206769K [0x0000000080000000, 0x0000000100000000)
  region size 1024K, 3 young (3072K), 3 survivors (3072K)
 Metaspace       used 142813K, capacity 146767K, committed 146892K, reserved 1177600K
  class space    used 17595K, capacity 19049K, committed 19148K, reserved 1048576K
}
Event: 1429.576 GC heap before
{Heap before GC invocations=132 (full 0):
 garbage-first heap   total 342016K, used 220081K [0x0000000080000000, 0x0000000100000000)
  region size 1024K, 16 young (16384K), 3 survivors (3072K)
 Metaspace       used 142826K, capacity 146767K, committed 146892K, reserved 1177600K
  class space    used 17597K, capacity 19049K, committed 19148K, reserved 1048576K
}
Event: 1429.594 GC heap after
{Heap after GC invocations=133 (full 0):
 garbage-first heap   total 342016K, used 204962K [0x0000000080000000, 0x0000000100000000)
  region size 1024K, 1 young (1024K), 1 survivors (1024K)
 Metaspace       used 142826K, capacity 146767K, committed 146892K, reserved 1177600K
  class space    used 17597K, capacity 19049K, committed 19148K, reserved 1048576K
}
Event: 1430.100 GC heap before
{Heap before GC invocations=133 (full 0):
 garbage-first heap   total 342016K, used 293026K [0x0000000080000000, 0x0000000100000000)
  region size 1024K, 87 young (89088K), 1 survivors (1024K)
 Metaspace       used 142854K, capacity 146839K, committed 147148K, reserved 1177600K
  class space    used 17599K, capacity 19052K, committed 19148K, reserved 1048576K
}
Event: 1430.106 GC heap after
{Heap after GC invocations=134 (full 0):
 garbage-first heap   total 342016K, used 204885K [0x0000000080000000, 0x0000000100000000)
  region size 1024K, 1 young (1024K), 1 survivors (1024K)
 Metaspace       used 142854K, capacity 146839K, committed 147148K, reserved 1177600K
  class space    used 17599K, capacity 19052K, committed 19148K, reserved 1048576K
}
Event: 1431.088 GC heap before
{Heap before GC invocations=135 (full 0):
 garbage-first heap   total 342016K, used 294997K [0x0000000080000000, 0x0000000100000000)
  region size 1024K, 89 young (91136K), 1 survivors (1024K)
 Metaspace       used 142863K, capacity 146839K, committed 147148K, reserved 1177600K
  class space    used 17599K, capacity 19052K, committed 19148K, reserved 1048576K
}
Event: 1431.094 GC heap after
{Heap after GC invocations=136 (full 0):
 garbage-first heap   total 342016K, used 205656K [0x0000000080000000, 0x0000000100000000)
  region size 1024K, 2 young (2048K), 2 survivors (2048K)
 Metaspace       used 142863K, capacity 146839K, committed 147148K, reserved 1177600K
  class space    used 17599K, capacity 19052K, committed 19148K, reserved 1048576K
}
Event: 1431.183 GC heap before
{Heap before GC invocations=136 (full 0):
 garbage-first heap   total 342016K, used 218968K [0x0000000080000000, 0x0000000100000000)
  region size 1024K, 16 young (16384K), 2 survivors (2048K)
 Metaspace       used 142863K, capacity 146839K, committed 147148K, reserved 1177600K
  class space    used 17599K, capacity 19052K, committed 19148K, reserved 1048576K
}
Event: 1431.205 GC heap after
{Heap after GC invocations=137 (full 0):
 garbage-first heap   total 342016K, used 202646K [0x0000000080000000, 0x0000000100000000)
  region size 1024K, 1 young (1024K), 1 survivors (1024K)
 Metaspace       used 142863K, capacity 146839K, committed 147148K, reserved 1177600K
  class space    used 17599K, capacity 19052K, committed 19148K, reserved 1048576K
}
Event: 1431.667 GC heap before
{Heap before GC invocations=137 (full 0):
 garbage-first heap   total 342016K, used 295830K [0x0000000080000000, 0x0000000100000000)
  region size 1024K, 92 young (94208K), 1 survivors (1024K)
 Metaspace       used 142873K, capacity 146843K, committed 147148K, reserved 1177600K
  class space    used 17600K, capacity 19053K, committed 19148K, reserved 1048576K
}

